# JRE version: OpenJDK Runtime Environment (8.0_262-b10) (build 1.8.0_262-b10)
# Java VM: OpenJDK 64-Bit Server VM (25.262-b10 mixed mode windows-amd64 compressed oops)
Heap:
 PSYoungGen      total 61440K, used 441K [0x00000000f5580000, 0x00000000fb800000, 0x0000000100000000)
  eden space 60928K, 0% used [0x00000000f5580000,0x00000000f5580000,0x00000000f9100000)
  from space 512K, 86% used [0x00000000fb780000,0x00000000fb7ee418,0x00000000fb800000)
  to   space 13824K, 0% used [0x00000000f9d00000,0x00000000f9d00000,0x00000000faa80000)
 ParOldGen       total 175104K, used 16796K [0x00000000e0000000, 0x00000000eab00000, 0x00000000f5580000)
  object space 175104K, 9% used [0x00000000e0000000,0x00000000e1067398,0x00000000eab00000)
 Metaspace       used 34502K, capacity 35570K, committed 35672K, reserved 1083392K
  class space    used 4744K, capacity 5070K, committed 5120K, reserved 1048576K
GC Heap History (10 events):
Event: 74.997 GC heap before
{Heap before GC invocations=5 (full 1):
 PSYoungGen      total 76288K, used 7343K [0x00000000f5580000, 0x00000000faa80000, 0x0000000100000000)
  eden space 65536K, 0% used [0x00000000f5580000,0x00000000f5580000,0x00000000f9580000)
  from space 10752K, 68% used [0x00000000fa000000,0x00000000fa72bd28,0x00000000faa80000)
  to   space 10752K, 0% used [0x00000000f9580000,0x00000000f9580000,0x00000000fa000000)
 ParOldGen       total 175104K, used 446K [0x00000000e0000000, 0x00000000eab00000, 0x00000000f5580000)
  object space 175104K, 0% used [0x00000000e0000000,0x00000000e006fb68,0x00000000eab00000)
 Metaspace       used 20701K, capacity 21214K, committed 21248K, reserved 1067008K
  class space    used 2902K, capacity 3063K, committed 3072K, reserved 1048576K
Event: 75.467 GC heap after
Heap after GC invocations=5 (full 1):
 PSYoungGen      total 76288K, used 0K [0x00000000f5580000, 0x00000000faa80000, 0x0000000100000000)
  eden space 65536K, 0% used [0x00000000f5580000,0x00000000f5580000,0x00000000f9580000)
  from space 10752K, 0% used [0x00000000fa000000,0x00000000fa000000,0x00000000faa80000)
  to   space 10752K, 0% used [0x00000000f9580000,0x00000000f9580000,0x00000000fa000000)
 ParOldGen       total 175104K, used 7212K [0x00000000e0000000, 0x00000000eab00000, 0x00000000f5580000)
  object space 175104K, 4% used [0x00000000e0000000,0x00000000e070b1a0,0x00000000eab00000)
 Metaspace       used 20701K, capacity 21214K, committed 21248K, reserved 1067008K
  class space    used 2902K, capacity 3063K, committed 3072K, reserved 1048576K
}
Event: 92.528 GC heap before
{Heap before GC invocations=6 (full 1):
 PSYoungGen      total 76288K, used 65536K [0x00000000f5580000, 0x00000000faa80000, 0x0000000100000000)
  eden space 65536K, 100% used [0x00000000f5580000,0x00000000f9580000,0x00000000f9580000)
  from space 10752K, 0% used [0x00000000fa000000,0x00000000fa000000,0x00000000faa80000)
  to   space 10752K, 0% used [0x00000000f9580000,0x00000000f9580000,0x00000000fa000000)
 ParOldGen       total 175104K, used 7212K [0x00000000e0000000, 0x00000000eab00000, 0x00000000f5580000)
  object space 175104K, 4% used [0x00000000e0000000,0x00000000e070b1a0,0x00000000eab00000)
 Metaspace       used 29199K, capacity 29874K, committed 30080K, reserved 1075200K
  class space    used 3908K, capacity 4101K, committed 4224K, reserved 1048576K
Event: 92.574 GC heap after
Heap after GC invocations=6 (full 1):
 PSYoungGen      total 72704K, used 8275K [0x00000000f5580000, 0x00000000fab00000, 0x0000000100000000)
  eden space 64000K, 0% used [0x00000000f5580000,0x00000000f5580000,0x00000000f9400000)
  from space 8704K, 95% used [0x00000000f9580000,0x00000000f9d94c58,0x00000000f9e00000)
  to   space 11776K, 0% used [0x00000000f9f80000,0x00000000f9f80000,0x00000000fab00000)
 ParOldGen       total 175104K, used 7220K [0x00000000e0000000, 0x00000000eab00000, 0x00000000f5580000)
  object space 175104K, 4% used [0x00000000e0000000,0x00000000e070d1a0,0x00000000eab00000)
 Metaspace       used 29199K, capacity 29874K, committed 30080K, reserved 1075200K
  class space    used 3908K, capacity 4101K, committed 4224K, reserved 1048576K
}
Event: 154.679 GC heap before
{Heap before GC invocations=7 (full 1):
 PSYoungGen      total 72704K, used 72275K [0x00000000f5580000, 0x00000000fab00000, 0x0000000100000000)
  eden space 64000K, 100% used [0x00000000f5580000,0x00000000f9400000,0x00000000f9400000)
  from space 8704K, 95% used [0x00000000f9580000,0x00000000f9d94c58,0x00000000f9e00000)
  to   space 11776K, 0% used [0x00000000f9f80000,0x00000000f9f80000,0x00000000fab00000)
 ParOldGen       total 175104K, used 7220K [0x00000000e0000000, 0x00000000eab00000, 0x00000000f5580000)
  object space 175104K, 4% used [0x00000000e0000000,0x00000000e070d1a0,0x00000000eab00000)
 Metaspace       used 32061K, capacity 32916K, committed 33152K, reserved 1077248K
  class space    used 4377K, capacity 4655K, committed 4736K, reserved 1048576K
Event: 154.703 GC heap after
Heap after GC invocations=7 (full 1):
 PSYoungGen      total 73728K, used 9937K [0x00000000f5580000, 0x00000000faa80000, 0x0000000100000000)
  eden space 62464K, 0% used [0x00000000f5580000,0x00000000f5580000,0x00000000f9280000)
  from space 11264K, 88% used [0x00000000f9f80000,0x00000000fa934600,0x00000000faa80000)
  to   space 12288K, 0% used [0x00000000f9280000,0x00000000f9280000,0x00000000f9e80000)
 ParOldGen       total 175104K, used 7228K [0x00000000e0000000, 0x00000000eab00000, 0x00000000f5580000)
  object space 175104K, 4% used [0x00000000e0000000,0x00000000e070f1a0,0x00000000eab00000)
 Metaspace       used 32061K, capacity 32916K, committed 33152K, reserved 1077248K
  class space    used 4377K, capacity 4655K, committed 4736K, reserved 1048576K
}
Event: 157.818 GC heap before
{Heap before GC invocations=8 (full 1):
 PSYoungGen      total 73728K, used 53486K [0x00000000f5580000, 0x00000000faa80000, 0x0000000100000000)
  eden space 62464K, 69% used [0x00000000f5580000,0x00000000f80072f8,0x00000000f9280000)
  from space 11264K, 88% used [0x00000000f9f80000,0x00000000fa934600,0x00000000faa80000)
  to   space 12288K, 0% used [0x00000000f9280000,0x00000000f9280000,0x00000000f9e80000)
 ParOldGen       total 175104K, used 7228K [0x00000000e0000000, 0x00000000eab00000, 0x00000000f5580000)
  object space 175104K, 4% used [0x00000000e0000000,0x00000000e070f1a0,0x00000000eab00000)
 Metaspace       used 34260K, capacity 35296K, committed 35416K, reserved 1079296K
  class space    used 4708K, capacity 5003K, committed 5120K, reserved 1048576K
Event: 157.845 GC heap after
Heap after GC invocations=8 (full 1):
 PSYoungGen      total 74752K, used 10435K [0x00000000f5580000, 0x00000000fc400000, 0x0000000100000000)
  eden space 62464K, 0% used [0x00000000f5580000,0x00000000f5580000,0x00000000f9280000)
  from space 12288K, 84% used [0x00000000f9280000,0x00000000f9cb0cf8,0x00000000f9e80000)
  to   space 12800K, 0% used [0x00000000fb780000,0x00000000fb780000,0x00000000fc400000)
 ParOldGen       total 175104K, used 7236K [0x00000000e0000000, 0x00000000eab00000, 0x00000000f5580000)
  object space 175104K, 4% used [0x00000000e0000000,0x00000000e07111a0,0x00000000eab00000)
 Metaspace       used 34260K, capacity 35296K, committed 35416K, reserved 1079296K
  class space    used 4708K, capacity 5003K, committed 5120K, reserved 1048576K
}
Event: 157.845 GC heap before
{Heap before GC invocations=9 (full 2):
 PSYoungGen      total 74752K, used 10435K [0x00000000f5580000, 0x00000000fc400000, 0x0000000100000000)
  eden space 62464K, 0% used [0x00000000f5580000,0x00000000f5580000,0x00000000f9280000)
  from space 12288K, 84% used [0x00000000f9280000,0x00000000f9cb0cf8,0x00000000f9e80000)
  to   space 12800K, 0% used [0x00000000fb780000,0x00000000fb780000,0x00000000fc400000)
 ParOldGen       total 175104K, used 7236K [0x00000000e0000000, 0x00000000eab00000, 0x00000000f5580000)
  object space 175104K, 4% used [0x00000000e0000000,0x00000000e07111a0,0x00000000eab00000)
 Metaspace       used 34260K, capacity 35296K, committed 35416K, reserved 1079296K
  class space    used 4708K, capacity 5003K, committed 5120K, reserved 1048576K
Event: 158.041 GC heap after
Heap after GC invocations=9 (full 2):
 PSYoungGen      total 74752K, used 0K [0x00000000f5580000, 0x00000000fc400000, 0x0000000100000000)
  eden space 62464K, 0% used [0x00000000f5580000,0x00000000f5580000,0x00000000f9280000)
  from space 12288K, 0% used [0x00000000f9280000,0x00000000f9280000,0x00000000f9e80000)
  to   space 12800K, 0% used [0x00000000fb780000,0x00000000fb780000,0x00000000fc400000)
 ParOldGen       total 175104K, used 16788K [0x00000000e0000000, 0x00000000eab00000, 0x00000000f5580000)
  object space 175104K, 9% used [0x00000000e0000000,0x00000000e1065398,0x00000000eab00000)
 Metaspace       used 34260K, capacity 35296K, committed 35416K, reserved 1079296K
  class space    used 4708K, capacity 5003K, committed 5120K, reserved 1048576K
}

